# do {adder_32bits_tb_compile.do}
# ** Warning: (vlib-34) Library already exists at "modelsim_lib/work".
# 
# ** Warning: (vlib-34) Library already exists at "modelsim_lib/msim".
# 
# ** Warning: (vlib-34) Library already exists at "modelsim_lib/msim/xil_defaultlib".
# 
# Model Technology ModelSim SE-64 vmap 10.4 Lib Mapping Utility 2014.12 Dec  3 2014
# vmap -modelsim_quiet xil_defaultlib modelsim_lib/msim/xil_defaultlib 
# Modifying modelsim.ini
# Model Technology ModelSim SE-64 vlog 10.4 Compiler 2014.12 Dec  3 2014
# Start time: 14:53:32 on Sep 15,2024
# vlog -incr -mfcu -work xil_defaultlib adder_32bits_tb_time_impl.v F:/modeltech64_10.4/work/adder_32bits_tb.v 
# -- Skipping module adder_32bits
# -- Skipping module glbl
# -- Skipping module adder_32bits_tb
# 
# Top level modules:
# 	glbl
# 	adder_32bits_tb
# End time: 14:53:32 on Sep 15,2024, Elapsed time: 0:00:00
# Errors: 0, Warnings: 0
