Copyright 1986-2022 Xilinx, Inc. All Rights Reserved. Copyright 2022-2023 Advanced Micro Devices, Inc. All Rights Reserved.
--------------------------------------------------------------------------------------------------------------------------------------------------------------------------
| Tool Version : Vivado v.2023.2 (win64) Build 4029153 Fri Oct 13 20:14:34 MDT 2023
| Date         : Sun Sep 15 13:41:56 2024
| Host         : Lseele running 64-bit major release  (build 9200)
| Command      : report_methodology -file adder_32bits_methodology_drc_routed.rpt -pb adder_32bits_methodology_drc_routed.pb -rpx adder_32bits_methodology_drc_routed.rpx
| Design       : adder_32bits
| Device       : xc7a200tfbg484-1
| Speed File   : -1
| Design State : Fully Routed
--------------------------------------------------------------------------------------------------------------------------------------------------------------------------

Report Methodology

Table of Contents
-----------------
1. REPORT SUMMARY
2. REPORT DETAILS

1. REPORT SUMMARY
-----------------
            Netlist: netlist
          Floorplan: design_1
      Design limits: <entire design considered>
             Max violations: <unlimited>
             Violations found: 0
+------+----------+-------------+------------+
| Rule | Severity | Description | Violations |
+------+----------+-------------+------------+
+------+----------+-------------+------------+

2. REPORT DETAILS
-----------------

